  camera.cpp
D:\Инж.граф\lab3\lab_3_ECG_ex18\camera.cpp(48,31): warning C4244: =: преобразование "double" в "float", возможна потеря данных
D:\Инж.граф\lab3\lab_3_ECG_ex18\camera.cpp(52,31): warning C4244: =: преобразование "double" в "float", возможна потеря данных
D:\Инж.граф\lab3\lab_3_ECG_ex18\camera.cpp(59,24): warning C4244: =: преобразование "double" в "float", возможна потеря данных
D:\Инж.граф\lab3\lab_3_ECG_ex18\camera.cpp(63,30): warning C4244: =: преобразование "double" в "float", возможна потеря данных
D:\Инж.граф\lab3\lab_3_ECG_ex18\camera.cpp(70,16): warning C4244: =: преобразование "double" в "float", возможна потеря данных
  glut_backend.cpp
  lighting_technique.cpp
  main.cpp
D:\Инж.граф\lab3\Source\Include\ImageMagick-6\Magick++\Drawable.h(456,18): warning C4251: Magick::DrawableBezier::_coordinates: class "std::list<Magick::Coordinate,std::allocator<Magick::Coordinate>>" должен иметь dll-интерфейс для использования клиентами class "Magick::DrawableBezier"
D:\Инж.граф\lab3\Source\Include\ImageMagick-6\Magick++\Drawable.h(83): message : см. объявление "std::list<Magick::Coordinate,std::allocator<Magick::Coordinate>>"
D:\Инж.граф\lab3\Source\Include\ImageMagick-6\Magick++\Drawable.h(498,15): warning C4251: Magick::DrawablePushClipPath::_id: class "std::basic_string<char,std::char_traits<char>,std::allocator<char>>" должен иметь dll-интерфейс для использования клиентами class "Magick::DrawablePushClipPath"
C:\Program Files (x86)\Microsoft Visual Studio\2019\Community\VC\Tools\MSVC\14.29.30133\include\xstring(4871): message : см. объявление "std::basic_string<char,std::char_traits<char>,std::allocator<char>>"
D:\Инж.граф\lab3\Source\Include\ImageMagick-6\Magick++\Drawable.h(526,17): warning C4251: Magick::DrawableClipPath::_id: class "std::basic_string<char,std::char_traits<char>,std::allocator<char>>" должен иметь dll-интерфейс для использования клиентами class "Magick::DrawableClipPath"
C:\Program Files (x86)\Microsoft Visual Studio\2019\Community\VC\Tools\MSVC\14.29.30133\include\xstring(4871): message : см. объявление "std::basic_string<char,std::char_traits<char>,std::allocator<char>>"
D:\Инж.граф\lab3\Source\Include\ImageMagick-6\Magick++\Drawable.h(959,17): warning C4251: Magick::DrawableFont::_font: class "std::basic_string<char,std::char_traits<char>,std::allocator<char>>" должен иметь dll-интерфейс для использования клиентами class "Magick::DrawableFont"
C:\Program Files (x86)\Microsoft Visual Studio\2019\Community\VC\Tools\MSVC\14.29.30133\include\xstring(4871): message : см. объявление "std::basic_string<char,std::char_traits<char>,std::allocator<char>>"
D:\Инж.граф\lab3\Source\Include\ImageMagick-6\Magick++\Drawable.h(960,17): warning C4251: Magick::DrawableFont::_family: class "std::basic_string<char,std::char_traits<char>,std::allocator<char>>" должен иметь dll-интерфейс для использования клиентами class "Magick::DrawableFont"
C:\Program Files (x86)\Microsoft Visual Studio\2019\Community\VC\Tools\MSVC\14.29.30133\include\xstring(4871): message : см. объявление "std::basic_string<char,std::char_traits<char>,std::allocator<char>>"
D:\Инж.граф\lab3\Source\Include\ImageMagick-6\Magick++\Drawable.h(1128,13): warning C4251: Magick::DrawablePath::_path: class "std::list<Magick::VPath,std::allocator<Magick::VPath>>" должен иметь dll-интерфейс для использования клиентами class "Magick::DrawablePath"
D:\Инж.граф\lab3\Source\Include\ImageMagick-6\Magick++\Drawable.h(257): message : см. объявление "std::list<Magick::VPath,std::allocator<Magick::VPath>>"
D:\Инж.граф\lab3\Source\Include\ImageMagick-6\Magick++\Drawable.h(1217,18): warning C4251: Magick::DrawablePolygon::_coordinates: class "std::list<Magick::Coordinate,std::allocator<Magick::Coordinate>>" должен иметь dll-интерфейс для использования клиентами class "Magick::DrawablePolygon"
D:\Инж.граф\lab3\Source\Include\ImageMagick-6\Magick++\Drawable.h(83): message : см. объявление "std::list<Magick::Coordinate,std::allocator<Magick::Coordinate>>"
D:\Инж.граф\lab3\Source\Include\ImageMagick-6\Magick++\Drawable.h(1237,18): warning C4251: Magick::DrawablePolyline::_coordinates: class "std::list<Magick::Coordinate,std::allocator<Magick::Coordinate>>" должен иметь dll-интерфейс для использования клиентами class "Magick::DrawablePolyline"
D:\Инж.граф\lab3\Source\Include\ImageMagick-6\Magick++\Drawable.h(83): message : см. объявление "std::list<Magick::Coordinate,std::allocator<Magick::Coordinate>>"
D:\Инж.граф\lab3\Source\Include\ImageMagick-6\Magick++\Drawable.h(1321,23): warning C4251: Magick::DrawablePushPattern::_id: class "std::basic_string<char,std::char_traits<char>,std::allocator<char>>" должен иметь dll-интерфейс для использования клиентами class "Magick::DrawablePushPattern"
C:\Program Files (x86)\Microsoft Visual Studio\2019\Community\VC\Tools\MSVC\14.29.30133\include\xstring(4871): message : см. объявление "std::basic_string<char,std::char_traits<char>,std::allocator<char>>"
D:\Инж.граф\lab3\Source\Include\ImageMagick-6\Magick++\Drawable.h(1923,15): warning C4251: Magick::DrawableText::_text: class "std::basic_string<char,std::char_traits<char>,std::allocator<char>>" должен иметь dll-интерфейс для использования клиентами class "Magick::DrawableText"
C:\Program Files (x86)\Microsoft Visual Studio\2019\Community\VC\Tools\MSVC\14.29.30133\include\xstring(4871): message : см. объявление "std::basic_string<char,std::char_traits<char>,std::allocator<char>>"
D:\Инж.граф\lab3\Source\Include\ImageMagick-6\Magick++\Drawable.h(1924,15): warning C4251: Magick::DrawableText::_encoding: class "std::basic_string<char,std::char_traits<char>,std::allocator<char>>" должен иметь dll-интерфейс для использования клиентами class "Magick::DrawableText"
C:\Program Files (x86)\Microsoft Visual Studio\2019\Community\VC\Tools\MSVC\14.29.30133\include\xstring(4871): message : см. объявление "std::basic_string<char,std::char_traits<char>,std::allocator<char>>"
D:\Инж.граф\lab3\Source\Include\ImageMagick-6\Magick++\Drawable.h(2255,19): warning C4251: Magick::PathArcAbs::_coordinates: class "std::list<Magick::PathArcArgs,std::allocator<Magick::PathArcArgs>>" должен иметь dll-интерфейс для использования клиентами class "Magick::PathArcAbs"
D:\Инж.граф\lab3\Source\Include\ImageMagick-6\Magick++\Drawable.h(2220): message : см. объявление "std::list<Magick::PathArcArgs,std::allocator<Magick::PathArcArgs>>"
D:\Инж.граф\lab3\Source\Include\ImageMagick-6\Magick++\Drawable.h(2277,19): warning C4251: Magick::PathArcRel::_coordinates: class "std::list<Magick::PathArcArgs,std::allocator<Magick::PathArcArgs>>" должен иметь dll-интерфейс для использования клиентами class "Magick::PathArcRel"
D:\Инж.граф\lab3\Source\Include\ImageMagick-6\Magick++\Drawable.h(2220): message : см. объявление "std::list<Magick::PathArcArgs,std::allocator<Magick::PathArcArgs>>"
D:\Инж.граф\lab3\Source\Include\ImageMagick-6\Magick++\Drawable.h(2428,23): warning C4251: Magick::PathCurvetoAbs::_args: class "std::list<Magick::PathCurvetoArgs,std::allocator<Magick::PathCurvetoArgs>>" должен иметь dll-интерфейс для использования клиентами class "Magick::PathCurvetoAbs"
D:\Инж.граф\lab3\Source\Include\ImageMagick-6\Magick++\Drawable.h(2394): message : см. объявление "std::list<Magick::PathCurvetoArgs,std::allocator<Magick::PathCurvetoArgs>>"
D:\Инж.граф\lab3\Source\Include\ImageMagick-6\Magick++\Drawable.h(2451,23): warning C4251: Magick::PathCurvetoRel::_args: class "std::list<Magick::PathCurvetoArgs,std::allocator<Magick::PathCurvetoArgs>>" должен иметь dll-интерфейс для использования клиентами class "Magick::PathCurvetoRel"
D:\Инж.граф\lab3\Source\Include\ImageMagick-6\Magick++\Drawable.h(2394): message : см. объявление "std::list<Magick::PathCurvetoArgs,std::allocator<Magick::PathCurvetoArgs>>"
D:\Инж.граф\lab3\Source\Include\ImageMagick-6\Magick++\Drawable.h(2475,18): warning C4251: Magick::PathSmoothCurvetoAbs::_coordinates: class "std::list<Magick::Coordinate,std::allocator<Magick::Coordinate>>" должен иметь dll-интерфейс для использования клиентами class "Magick::PathSmoothCurvetoAbs"
D:\Инж.граф\lab3\Source\Include\ImageMagick-6\Magick++\Drawable.h(83): message : см. объявление "std::list<Magick::Coordinate,std::allocator<Magick::Coordinate>>"
D:\Инж.граф\lab3\Source\Include\ImageMagick-6\Magick++\Drawable.h(2500,18): warning C4251: Magick::PathSmoothCurvetoRel::_coordinates: class "std::list<Magick::Coordinate,std::allocator<Magick::Coordinate>>" должен иметь dll-интерфейс для использования клиентами class "Magick::PathSmoothCurvetoRel"
D:\Инж.граф\lab3\Source\Include\ImageMagick-6\Magick++\Drawable.h(83): message : см. объявление "std::list<Magick::Coordinate,std::allocator<Magick::Coordinate>>"
D:\Инж.граф\lab3\Source\Include\ImageMagick-6\Magick++\Drawable.h(2609,32): warning C4251: Magick::PathQuadraticCurvetoAbs::_args: class "std::list<Magick::PathQuadraticCurvetoArgs,std::allocator<Magick::PathQuadraticCurvetoArgs>>" должен иметь dll-интерфейс для использования клиентами class "Magick::PathQuadraticCurvetoAbs"
D:\Инж.граф\lab3\Source\Include\ImageMagick-6\Magick++\Drawable.h(2575): message : см. объявление "std::list<Magick::PathQuadraticCurvetoArgs,std::allocator<Magick::PathQuadraticCurvetoArgs>>"
D:\Инж.граф\lab3\Source\Include\ImageMagick-6\Magick++\Drawable.h(2633,32): warning C4251: Magick::PathQuadraticCurvetoRel::_args: class "std::list<Magick::PathQuadraticCurvetoArgs,std::allocator<Magick::PathQuadraticCurvetoArgs>>" должен иметь dll-интерфейс для использования клиентами class "Magick::PathQuadraticCurvetoRel"
D:\Инж.граф\lab3\Source\Include\ImageMagick-6\Magick++\Drawable.h(2575): message : см. объявление "std::list<Magick::PathQuadraticCurvetoArgs,std::allocator<Magick::PathQuadraticCurvetoArgs>>"
D:\Инж.граф\lab3\Source\Include\ImageMagick-6\Magick++\Drawable.h(2657,18): warning C4251: Magick::PathSmoothQuadraticCurvetoAbs::_coordinates: class "std::list<Magick::Coordinate,std::allocator<Magick::Coordinate>>" должен иметь dll-интерфейс для использования клиентами class "Magick::PathSmoothQuadraticCurvetoAbs"
D:\Инж.граф\lab3\Source\Include\ImageMagick-6\Magick++\Drawable.h(83): message : см. объявление "std::list<Magick::Coordinate,std::allocator<Magick::Coordinate>>"
D:\Инж.граф\lab3\Source\Include\ImageMagick-6\Magick++\Drawable.h(2681,18): warning C4251: Magick::PathSmoothQuadraticCurvetoRel::_coordinates: class "std::list<Magick::Coordinate,std::allocator<Magick::Coordinate>>" должен иметь dll-интерфейс для использования клиентами class "Magick::PathSmoothQuadraticCurvetoRel"
D:\Инж.граф\lab3\Source\Include\ImageMagick-6\Magick++\Drawable.h(83): message : см. объявление "std::list<Magick::Coordinate,std::allocator<Magick::Coordinate>>"
D:\Инж.граф\lab3\Source\Include\ImageMagick-6\Magick++\Drawable.h(2709,18): warning C4251: Magick::PathLinetoAbs::_coordinates: class "std::list<Magick::Coordinate,std::allocator<Magick::Coordinate>>" должен иметь dll-интерфейс для использования клиентами class "Magick::PathLinetoAbs"
D:\Инж.граф\lab3\Source\Include\ImageMagick-6\Magick++\Drawable.h(83): message : см. объявление "std::list<Magick::Coordinate,std::allocator<Magick::Coordinate>>"
D:\Инж.граф\lab3\Source\Include\ImageMagick-6\Magick++\Drawable.h(2733,18): warning C4251: Magick::PathLinetoRel::_coordinates: class "std::list<Magick::Coordinate,std::allocator<Magick::Coordinate>>" должен иметь dll-интерфейс для использования клиентами class "Magick::PathLinetoRel"
D:\Инж.граф\lab3\Source\Include\ImageMagick-6\Magick++\Drawable.h(83): message : см. объявление "std::list<Magick::Coordinate,std::allocator<Magick::Coordinate>>"
D:\Инж.граф\lab3\Source\Include\ImageMagick-6\Magick++\Drawable.h(2875,18): warning C4251: Magick::PathMovetoAbs::_coordinates: class "std::list<Magick::Coordinate,std::allocator<Magick::Coordinate>>" должен иметь dll-интерфейс для использования клиентами class "Magick::PathMovetoAbs"
D:\Инж.граф\lab3\Source\Include\ImageMagick-6\Magick++\Drawable.h(83): message : см. объявление "std::list<Magick::Coordinate,std::allocator<Magick::Coordinate>>"
D:\Инж.граф\lab3\Source\Include\ImageMagick-6\Magick++\Drawable.h(2899,18): warning C4251: Magick::PathMovetoRel::_coordinates: class "std::list<Magick::Coordinate,std::allocator<Magick::Coordinate>>" должен иметь dll-интерфейс для использования клиентами class "Magick::PathMovetoRel"
D:\Инж.граф\lab3\Source\Include\ImageMagick-6\Magick++\Drawable.h(83): message : см. объявление "std::list<Magick::Coordinate,std::allocator<Magick::Coordinate>>"
D:\Инж.граф\lab3\Source\Include\ImageMagick-6\Magick++\Exception.h(22,3): warning C4275: class "std::exception", не являющийся dll-интерфейсом, использован в качестве базового для dll-интерфейса class "Magick::Exception"
C:\Program Files (x86)\Microsoft Visual Studio\2019\Community\VC\Tools\MSVC\14.29.30133\include\vcruntime_exception.h(48): message : см. объявление "std::exception"
D:\Инж.граф\lab3\Source\Include\ImageMagick-6\Magick++\Exception.h(21): message : см. объявление "Magick::Exception"
D:\Инж.граф\lab3\Source\Include\ImageMagick-6\Magick++\Exception.h(31,17): warning C4251: Magick::Exception::_what: class "std::basic_string<char,std::char_traits<char>,std::allocator<char>>" должен иметь dll-интерфейс для использования клиентами class "Magick::Exception"
C:\Program Files (x86)\Microsoft Visual Studio\2019\Community\VC\Tools\MSVC\14.29.30133\include\xstring(4871): message : см. объявление "std::basic_string<char,std::char_traits<char>,std::allocator<char>>"
D:\Инж.граф\lab3\Source\Include\ImageMagick-6\Magick++\CoderInfo.h(65,18): warning C4251: Magick::CoderInfo::_name: class "std::basic_string<char,std::char_traits<char>,std::allocator<char>>" должен иметь dll-интерфейс для использования клиентами class "Magick::CoderInfo"
C:\Program Files (x86)\Microsoft Visual Studio\2019\Community\VC\Tools\MSVC\14.29.30133\include\xstring(4871): message : см. объявление "std::basic_string<char,std::char_traits<char>,std::allocator<char>>"
D:\Инж.граф\lab3\Source\Include\ImageMagick-6\Magick++\CoderInfo.h(66,18): warning C4251: Magick::CoderInfo::_description: class "std::basic_string<char,std::char_traits<char>,std::allocator<char>>" должен иметь dll-интерфейс для использования клиентами class "Magick::CoderInfo"
C:\Program Files (x86)\Microsoft Visual Studio\2019\Community\VC\Tools\MSVC\14.29.30133\include\xstring(4871): message : см. объявление "std::basic_string<char,std::char_traits<char>,std::allocator<char>>"
D:\Инж.граф\lab3\Source\Include\ImageMagick-6\Magick++\Montage.h(90,23): warning C4251: Magick::Montage::_fileName: class "std::basic_string<char,std::char_traits<char>,std::allocator<char>>" должен иметь dll-интерфейс для использования клиентами class "Magick::Montage"
C:\Program Files (x86)\Microsoft Visual Studio\2019\Community\VC\Tools\MSVC\14.29.30133\include\xstring(4871): message : см. объявление "std::basic_string<char,std::char_traits<char>,std::allocator<char>>"
D:\Инж.граф\lab3\Source\Include\ImageMagick-6\Magick++\Montage.h(92,23): warning C4251: Magick::Montage::_font: class "std::basic_string<char,std::char_traits<char>,std::allocator<char>>" должен иметь dll-интерфейс для использования клиентами class "Magick::Montage"
C:\Program Files (x86)\Microsoft Visual Studio\2019\Community\VC\Tools\MSVC\14.29.30133\include\xstring(4871): message : см. объявление "std::basic_string<char,std::char_traits<char>,std::allocator<char>>"
D:\Инж.граф\lab3\Source\Include\ImageMagick-6\Magick++\Montage.h(95,23): warning C4251: Magick::Montage::_label: class "std::basic_string<char,std::char_traits<char>,std::allocator<char>>" должен иметь dll-интерфейс для использования клиентами class "Magick::Montage"
C:\Program Files (x86)\Microsoft Visual Studio\2019\Community\VC\Tools\MSVC\14.29.30133\include\xstring(4871): message : см. объявление "std::basic_string<char,std::char_traits<char>,std::allocator<char>>"
D:\Инж.граф\lab3\Source\Include\ImageMagick-6\Magick++\Montage.h(99,23): warning C4251: Magick::Montage::_texture: class "std::basic_string<char,std::char_traits<char>,std::allocator<char>>" должен иметь dll-интерфейс для использования клиентами class "Magick::Montage"
C:\Program Files (x86)\Microsoft Visual Studio\2019\Community\VC\Tools\MSVC\14.29.30133\include\xstring(4871): message : см. объявление "std::basic_string<char,std::char_traits<char>,std::allocator<char>>"
D:\Инж.граф\lab3\Source\Include\ImageMagick-6\Magick++\Montage.h(101,23): warning C4251: Magick::Montage::_title: class "std::basic_string<char,std::char_traits<char>,std::allocator<char>>" должен иметь dll-интерфейс для использования клиентами class "Magick::Montage"
C:\Program Files (x86)\Microsoft Visual Studio\2019\Community\VC\Tools\MSVC\14.29.30133\include\xstring(4871): message : см. объявление "std::basic_string<char,std::char_traits<char>,std::allocator<char>>"
D:\Инж.граф\lab3\Source\Include\ImageMagick-6\Magick++\STL.h(134,25): warning C4251: Magick::annotateImage::_text: class "std::basic_string<char,std::char_traits<char>,std::allocator<char>>" должен иметь dll-интерфейс для использования клиентами class "Magick::annotateImage"
C:\Program Files (x86)\Microsoft Visual Studio\2019\Community\VC\Tools\MSVC\14.29.30133\include\xstring(4871): message : см. объявление "std::basic_string<char,std::char_traits<char>,std::allocator<char>>"
D:\Инж.граф\lab3\Source\Include\ImageMagick-6\Magick++\STL.h(213,19): warning C4251: Magick::cdlImage::_cdl: class "std::basic_string<char,std::char_traits<char>,std::allocator<char>>" должен иметь dll-интерфейс для использования клиентами class "Magick::cdlImage"
C:\Program Files (x86)\Microsoft Visual Studio\2019\Community\VC\Tools\MSVC\14.29.30133\include\xstring(4871): message : см. объявление "std::basic_string<char,std::char_traits<char>,std::allocator<char>>"
D:\Инж.граф\lab3\Source\Include\ImageMagick-6\Magick++\STL.h(273,17): warning C4251: Magick::commentImage::_comment: class "std::basic_string<char,std::char_traits<char>,std::allocator<char>>" должен иметь dll-интерфейс для использования клиентами class "Magick::commentImage"
C:\Program Files (x86)\Microsoft Visual Studio\2019\Community\VC\Tools\MSVC\14.29.30133\include\xstring(4871): message : см. объявление "std::basic_string<char,std::char_traits<char>,std::allocator<char>>"
D:\Инж.граф\lab3\Source\Include\ImageMagick-6\Magick++\STL.h(385,18): warning C4251: Magick::drawImage::_drawableList: class "std::list<Magick::Drawable,std::allocator<Magick::Drawable>>" должен иметь dll-интерфейс для использования клиентами class "Magick::drawImage"
D:\Инж.граф\lab3\Source\Include\ImageMagick-6\Magick++\Drawable.h(177): message : см. объявление "std::list<Magick::Drawable,std::allocator<Magick::Drawable>>"
D:\Инж.граф\lab3\Source\Include\ImageMagick-6\Magick++\STL.h(651,17): warning C4251: Magick::labelImage::_label: class "std::basic_string<char,std::char_traits<char>,std::allocator<char>>" должен иметь dll-интерфейс для использования клиентами class "Magick::labelImage"
C:\Program Files (x86)\Microsoft Visual Studio\2019\Community\VC\Tools\MSVC\14.29.30133\include\xstring(4871): message : см. объявление "std::basic_string<char,std::char_traits<char>,std::allocator<char>>"
D:\Инж.граф\lab3\Source\Include\ImageMagick-6\Magick++\STL.h(1299,17): warning C4251: Magick::backgroundTextureImage::_backgroundTexture: class "std::basic_string<char,std::char_traits<char>,std::allocator<char>>" должен иметь dll-интерфейс для использования клиентами class "Magick::backgroundTextureImage"
C:\Program Files (x86)\Microsoft Visual Studio\2019\Community\VC\Tools\MSVC\14.29.30133\include\xstring(4871): message : см. объявление "std::basic_string<char,std::char_traits<char>,std::allocator<char>>"
D:\Инж.граф\lab3\Source\Include\ImageMagick-6\Magick++\STL.h(1474,17): warning C4251: Magick::fileNameImage::_fileName: class "std::basic_string<char,std::char_traits<char>,std::allocator<char>>" должен иметь dll-интерфейс для использования клиентами class "Magick::fileNameImage"
C:\Program Files (x86)\Microsoft Visual Studio\2019\Community\VC\Tools\MSVC\14.29.30133\include\xstring(4871): message : см. объявление "std::basic_string<char,std::char_traits<char>,std::allocator<char>>"
D:\Инж.граф\lab3\Source\Include\ImageMagick-6\Magick++\STL.h(1498,17): warning C4251: Magick::fontImage::_font: class "std::basic_string<char,std::char_traits<char>,std::allocator<char>>" должен иметь dll-интерфейс для использования клиентами class "Magick::fontImage"
C:\Program Files (x86)\Microsoft Visual Studio\2019\Community\VC\Tools\MSVC\14.29.30133\include\xstring(4871): message : см. объявление "std::basic_string<char,std::char_traits<char>,std::allocator<char>>"
D:\Инж.граф\lab3\Source\Include\ImageMagick-6\Magick++\STL.h(1558,17): warning C4251: Magick::magickImage::_magick: class "std::basic_string<char,std::char_traits<char>,std::allocator<char>>" должен иметь dll-интерфейс для использования клиентами class "Magick::magickImage"
C:\Program Files (x86)\Microsoft Visual Studio\2019\Community\VC\Tools\MSVC\14.29.30133\include\xstring(4871): message : см. объявление "std::basic_string<char,std::char_traits<char>,std::allocator<char>>"
D:\Инж.граф\lab3\Source\Include\ImageMagick-6\Magick++\STL.h(1817,17): warning C4251: Magick::tileNameImage::_tileName: class "std::basic_string<char,std::char_traits<char>,std::allocator<char>>" должен иметь dll-интерфейс для использования клиентами class "Magick::tileNameImage"
C:\Program Files (x86)\Microsoft Visual Studio\2019\Community\VC\Tools\MSVC\14.29.30133\include\xstring(4871): message : см. объявление "std::basic_string<char,std::char_traits<char>,std::allocator<char>>"
D:\Инж.граф\lab3\Source\Include\ImageMagick-6\Magick++\STL.h(1854,17): warning C4251: Magick::viewImage::_view: class "std::basic_string<char,std::char_traits<char>,std::allocator<char>>" должен иметь dll-интерфейс для использования клиентами class "Magick::viewImage"
C:\Program Files (x86)\Microsoft Visual Studio\2019\Community\VC\Tools\MSVC\14.29.30133\include\xstring(4871): message : см. объявление "std::basic_string<char,std::char_traits<char>,std::allocator<char>>"
D:\Инж.граф\lab3\Source\Include\ImageMagick-6\Magick++\STL.h(1867,17): warning C4251: Magick::x11DisplayImage::_display: class "std::basic_string<char,std::char_traits<char>,std::allocator<char>>" должен иметь dll-интерфейс для использования клиентами class "Magick::x11DisplayImage"
C:\Program Files (x86)\Microsoft Visual Studio\2019\Community\VC\Tools\MSVC\14.29.30133\include\xstring(4871): message : см. объявление "std::basic_string<char,std::char_traits<char>,std::allocator<char>>"
D:\Инж.граф\lab3\lab_3_ECG_ex18\main.cpp(201,1): warning C4305: аргумент: усечение из "double" в "float"
  math_3d.cpp
D:\Инж.граф\lab3\lab_3_ECG_ex18\math_3d.cpp(28,37): warning C4244: аргумент: преобразование "double" в "float", возможна потеря данных
D:\Инж.граф\lab3\lab_3_ECG_ex18\math_3d.cpp(29,37): warning C4244: аргумент: преобразование "double" в "float", возможна потеря данных
D:\Инж.граф\lab3\lab_3_ECG_ex18\math_3d.cpp(60,21): warning C4244: инициализация: преобразование "double" в "float", возможна потеря данных
D:\Инж.граф\lab3\lab_3_ECG_ex18\math_3d.cpp(60,19): warning C4244: инициализация: преобразование "double" в "const float", возможна потеря данных
D:\Инж.граф\lab3\lab_3_ECG_ex18\math_3d.cpp(61,21): warning C4244: инициализация: преобразование "double" в "float", возможна потеря данных
D:\Инж.граф\lab3\lab_3_ECG_ex18\math_3d.cpp(61,19): warning C4244: инициализация: преобразование "double" в "const float", возможна потеря данных
D:\Инж.граф\lab3\lab_3_ECG_ex18\math_3d.cpp(62,21): warning C4244: инициализация: преобразование "double" в "float", возможна потеря данных
D:\Инж.граф\lab3\lab_3_ECG_ex18\math_3d.cpp(62,19): warning C4244: инициализация: преобразование "double" в "const float", возможна потеря данных
D:\Инж.граф\lab3\lab_3_ECG_ex18\math_3d.cpp(112,35): warning C4244: аргумент: преобразование "double" в "float", возможна потеря данных
  pipeline.cpp
  stb_image.cpp
  technique.cpp
D:\Инж.граф\lab3\lab_3_ECG_ex18\technique.cpp(47,37): warning C4267: =: преобразование из "size_t" в "GLint"; возможна потеря данных
  texture.cpp
  Создание кода...
  Graphics - Lab3.vcxproj -> D:\Инж.граф\lab3\lab_3_ECG_ex18\x64\Debug\Basic Texture Mapping.exe
